  trexGame.cpp
C:\Users\zxsedas\Desktop\release\Project1\Project1\trexGame.cpp(58,21): warning C4305: '+=': 從 'double' 轉換為 'float'，是由較大的類型轉換為較小的類型，可能導致資料遺失
C:\Users\zxsedas\Desktop\release\Project1\Project1\trexGame.cpp(70,39): warning C4244: '-=': 將 'double' 轉換為 'float'，由於類型不同，可能導致資料遺失
C:\Users\zxsedas\Desktop\release\Project1\Project1\trexGame.cpp(77,40): warning C4244: '+=': 將 'double' 轉換為 'float'，由於類型不同，可能導致資料遺失
C:\Users\zxsedas\Desktop\release\Project1\Project1\trexGame.cpp(199,44): warning C4244: '引數': 將 'float' 轉換為 'T'，由於類型不同，可能導致資料遺失
          with
          [
              T=int
          ]
C:\Users\zxsedas\Desktop\release\Project1\Project1\trexGame.cpp(200,40): warning C4244: '+=': 將 'double' 轉換為 'float'，由於類型不同，可能導致資料遺失
C:\Users\zxsedas\Desktop\release\Project1\Project1\trexGame.cpp(214,22): warning C4305: '-=': 從 'double' 轉換為 'float'，是由較大的類型轉換為較小的類型，可能導致資料遺失
C:\Users\zxsedas\Desktop\release\Project1\Project1\trexGame.cpp(231,113): warning C4244: '引數': 將 'float' 轉換為 'T'，由於類型不同，可能導致資料遺失
          with
          [
              T=int
          ]
C:\Users\zxsedas\Desktop\release\Project1\Project1\trexGame.cpp(231,110): warning C4244: '引數': 將 'float' 轉換為 'T'，由於類型不同，可能導致資料遺失
          with
          [
              T=int
          ]
C:\Users\zxsedas\Desktop\release\Project1\Project1\trexGame.cpp(231,75): warning C4244: '引數': 將 'float' 轉換為 'T'，由於類型不同，可能導致資料遺失
          with
          [
              T=int
          ]
C:\Users\zxsedas\Desktop\release\Project1\Project1\trexGame.cpp(233,33): warning C4244: '-=': 將 'double' 轉換為 'float'，由於類型不同，可能導致資料遺失
C:\Users\zxsedas\Desktop\release\Project1\Project1\trexGame.cpp(247,20): warning C4244: '=': 將 'int' 轉換為 'float'，由於類型不同，可能導致資料遺失
C:\Users\zxsedas\Desktop\release\Project1\Project1\trexGame.cpp(250,30): warning C4244: '-=': 將 'double' 轉換為 'float'，由於類型不同，可能導致資料遺失
C:\Users\zxsedas\Desktop\release\Project1\Project1\trexGame.cpp(476,19): warning C4305: '引數': 從 'double' 轉換為 'float'，是由較大的類型轉換為較小的類型，可能導致資料遺失
C:\Users\zxsedas\Desktop\release\Project1\Project1\trexGame.cpp(485,20): warning C4305: '引數': 從 'double' 轉換為 'float'，是由較大的類型轉換為較小的類型，可能導致資料遺失
C:\Users\zxsedas\Desktop\release\Project1\Project1\trexGame.cpp(501,17): warning C4305: '引數': 從 'double' 轉換為 'float'，是由較大的類型轉換為較小的類型，可能導致資料遺失
C:\Users\zxsedas\Desktop\release\Project1\Project1\trexGame.cpp(506,16): warning C4305: '引數': 從 'double' 轉換為 'float'，是由較大的類型轉換為較小的類型，可能導致資料遺失
C:\Users\zxsedas\Desktop\release\Project1\Project1\trexGame.cpp(537,33): warning C4244: '+=': 將 'double' 轉換為 'float'，由於類型不同，可能導致資料遺失
C:\Users\zxsedas\Desktop\release\Project1\Project1\trexGame.cpp(546,31): warning C4244: '+=': 將 'double' 轉換為 'float'，由於類型不同，可能導致資料遺失
C:\Users\zxsedas\Desktop\release\Project1\Project1\trexGame.cpp(854,1): warning C4305: '引數': 從 'double' 轉換為 'float'，是由較大的類型轉換為較小的類型，可能導致資料遺失
  正在產生程式碼
  1 of 174 functions ( 0.6%) were compiled, the rest were copied from previous compilation.
    0 functions were new in current compilation
    1 functions had inline decision re-evaluated but remain unchanged
  已完成程式碼產生
  Project1.vcxproj -> C:\Users\zxsedas\Desktop\release\Project1\x64\Release\Project1.exe
